0 info it worked if it ends with ok
1 verbose cli [ 'C:\\Program Files\\nodejs\\\\node.exe',
1 verbose cli   'C:\\Program Files\\nodejs\\node_modules\\npm\\bin\\npm-cli.js',
1 verbose cli   'install',
1 verbose cli   'gulp-del',
1 verbose cli   '--save-dev' ]
2 info using npm@1.4.28
3 info using node@v0.10.36
4 verbose node symlink C:\Program Files\nodejs\\node.exe
5 verbose readDependencies using package.json deps
6 verbose cache add [ 'gulp-del', null ]
7 verbose cache add name=undefined spec="gulp-del" args=["gulp-del",null]
8 verbose parsed url { protocol: null,
8 verbose parsed url   slashes: null,
8 verbose parsed url   auth: null,
8 verbose parsed url   host: null,
8 verbose parsed url   port: null,
8 verbose parsed url   hostname: null,
8 verbose parsed url   hash: null,
8 verbose parsed url   search: null,
8 verbose parsed url   query: null,
8 verbose parsed url   pathname: 'gulp-del',
8 verbose parsed url   path: 'gulp-del',
8 verbose parsed url   href: 'gulp-del' }
9 silly lockFile 65afcfc8-gulp-del gulp-del
10 verbose lock gulp-del C:\Users\Chris\AppData\Roaming\npm-cache\65afcfc8-gulp-del.lock
11 silly lockFile 65afcfc8-gulp-del gulp-del
12 silly lockFile 65afcfc8-gulp-del gulp-del
13 verbose addNamed [ 'gulp-del', '' ]
14 verbose addNamed [ null, '*' ]
15 silly lockFile 3d7a6f36-gulp-del gulp-del@
16 verbose lock gulp-del@ C:\Users\Chris\AppData\Roaming\npm-cache\3d7a6f36-gulp-del.lock
17 silly addNameRange { name: 'gulp-del', range: '*', hasData: false }
18 verbose request where is /gulp-del
19 verbose request registry https://registry.npmjs.org/
20 verbose request id 7eae92781695e62c
21 verbose url raw /gulp-del
22 verbose url resolving [ 'https://registry.npmjs.org/', './gulp-del' ]
23 verbose url resolved https://registry.npmjs.org/gulp-del
24 verbose request where is https://registry.npmjs.org/gulp-del
25 info trying registry request attempt 1 at 20:03:05
26 http GET https://registry.npmjs.org/gulp-del
27 http 404 https://registry.npmjs.org/gulp-del
28 silly registry.get cb [ 404,
28 silly registry.get   { 'content-type': 'application/json',
28 silly registry.get     'cache-control': 'max-age=0',
28 silly registry.get     'content-length': '2',
28 silly registry.get     'accept-ranges': 'bytes',
28 silly registry.get     date: 'Tue, 29 Sep 2015 19:03:05 GMT',
28 silly registry.get     via: '1.1 varnish',
28 silly registry.get     age: '0',
28 silly registry.get     connection: 'keep-alive',
28 silly registry.get     'x-served-by': 'cache-lhr6334-LHR',
28 silly registry.get     'x-cache': 'MISS',
28 silly registry.get     'x-cache-hits': '0',
28 silly registry.get     'x-timer': 'S1443553385.219687,VS0,VE629' } ]
29 silly lockFile 3d7a6f36-gulp-del gulp-del@
30 silly lockFile 3d7a6f36-gulp-del gulp-del@
31 error 404 Not Found
31 error 404
31 error 404 'gulp-del' is not in the npm registry.
31 error 404 You should bug the author to publish it
31 error 404 It was specified as a dependency of 'angular2-seed'
31 error 404
31 error 404 Note that you can also install from a
31 error 404 tarball, folder, or http url, or git url.
32 error System Windows_NT 6.2.9200
33 error command "C:\\Program Files\\nodejs\\\\node.exe" "C:\\Program Files\\nodejs\\node_modules\\npm\\bin\\npm-cli.js" "install" "gulp-del" "--save-dev"
34 error cwd c:\Users\Chris\Documents\GitHub\angular2-seed
35 error node -v v0.10.36
36 error npm -v 1.4.28
37 error code E404
38 verbose exit [ 1, true ]
